Statistics for dump-3serial-10-4

1) Parallelism Profile
   Work :					 76632316982 instructions
   Span :					 76632316982 instructions
   Burdened span :				 76632316982 instructions
   Parallelism :				 1.00
   Burdened parallelism :			 1.00
   Number of spawns/syncs:			 0
   Average instructions / strand :		 76632316982
   Strands along span :				 1
   Average instructions / strand on span :	 76632316982
   Total number of atomic instructions : 	 0
   Frame count :				 0
2) Speedup Estimate
  2 procs:		 0.74 - 1.00
  4 procs:		 0.66 - 1.00
  8 procs:		 0.62 - 1.00
  16 procs:		 0.60 - 1.00
  32 procs:		 0.60 - 1.00

Whole Program Statistics:

Cilkview Scalability Analyzer V1.1.0, Build 8503
1) Parallelism Profile
   Work :					 76,637,525,725 instructions
   Span :					 76,637,525,725 instructions
   Burdened span :				 76,637,525,725 instructions
   Parallelism :				 1.00
   Burdened parallelism :			 1.00
   Number of spawns/syncs:			 0
   Average instructions / strand :		 76,637,525,725
   Strands along span :				 1
   Average instructions / strand on span :	 76,637,525,725
   Total number of atomic instructions : 	 0
   Frame count :				 0
2) Speedup Estimate
   2 processors:	 0.74 - 1.00
   4 processors:	 0.66 - 1.00
   8 processors:	 0.62 - 1.00
   16 processors:	 0.60 - 1.00
   32 processors:	 0.60 - 1.00
