TACC: Setting memory limits for job 458162 to unlimited KB
TACC: Dumping job script:
--------------------------------------------------------------------------------
#!/bin/bash

#$ -V
#$ -cwd
#$ -q development
#$ -pe 12way 12
#$ -N pmerge1
#$ -o pmerge1.out
#$ -e pmerge1.err
#$ -M mailforavijit@gmail.com
#$ -m be
#$ -l h_rt=01:00:00

export PATH=$PATH:$HOME/cilk/bin
export LD_LIBRARY_PATH=$LD_LIBRARY_PATH:$HOME/cilk/lib
cilkview m_4_103
cilkview m_4_104
cilkview m_4_105
--------------------------------------------------------------------------------
TACC: Done.
cilkview: generating scalability data
cilkview: generating scalability data
TACC: Cleaning up after job: 458162
TACC: Done.
TACC: Setting memory limits for job 458163 to unlimited KB
TACC: Dumping job script:
--------------------------------------------------------------------------------
#!/bin/bash

#$ -V
#$ -cwd
#$ -q development
#$ -pe 12way 12
#$ -N pmerge1
#$ -o pmerge1.out
#$ -e pmerge1.err
#$ -M mailforavijit@gmail.com
#$ -m be
#$ -l h_rt=01:00:00

export PATH=$PATH:$HOME/cilk/bin
export LD_LIBRARY_PATH=$LD_LIBRARY_PATH:$HOME/cilk/lib
cilkview m_4_103
cilkview m_4_104
cilkview m_4_105
--------------------------------------------------------------------------------
TACC: Done.
cilkview: generating scalability data
cilkview: generating scalability data
cilkview: generating scalability data
TACC: Cleaning up after job: 458163
TACC: Done.
TACC: Setting memory limits for job 458167 to unlimited KB
TACC: Dumping job script:
--------------------------------------------------------------------------------
#!/bin/bash

#$ -V
#$ -cwd
#$ -q development
#$ -pe 12way 12
#$ -N pmerge1
#$ -o pmerge1.out
#$ -e pmerge1.err
#$ -M mailforavijit@gmail.com
#$ -m be
#$ -l h_rt=01:00:00

export PATH=$PATH:$HOME/cilk/bin
export LD_LIBRARY_PATH=$LD_LIBRARY_PATH:$HOME/cilk/lib
cilkview m_4_103
cilkview m_4_104
cilkview m_4_105
--------------------------------------------------------------------------------
TACC: Done.
cilkview: generating scalability data
cilkview: generating scalability data
cilkview: generating scalability data
TACC: Cleaning up after job: 458167
TACC: Done.
