TACC: Setting memory limits for job 458170 to unlimited KB
TACC: Dumping job script:
--------------------------------------------------------------------------------
#!/bin/bash

#$ -V
#$ -cwd
#$ -q development
#$ -pe 12way 12
#$ -N pmerge3
#$ -o pmerge3.out
#$ -e pmerge3.err
#$ -M mailforavijit@gmail.com
#$ -m be
#$ -l h_rt=01:00:00

export PATH=$PATH:$HOME/cilk/bin
export LD_LIBRARY_PATH=$LD_LIBRARY_PATH:$HOME/cilk/lib
cilkview 4_106 
cilkview 4_107
--------------------------------------------------------------------------------
TACC: Done.
cilkview: generating scalability data
