TACC: Setting memory limits for job 457588 to unlimited KB
TACC: /home1/01947/avgupta/.mpd.conf not found! Creating it...done.
TACC: Dumping job script:
--------------------------------------------------------------------------------
#!/bin/bash

#$ -V
#$ -cwd
#$ -q development
#$ -pe 12way 12
#$ -N simple_gauss
#$ -o simple_gauss.out
#$ -e simple_gauss.err
#$ -M mailforavijit@gmail.com
#$ -m be
#$ -l h_rt=01:00:00

export PATH=$PATH:$HOME/cilk/bin
export LD_LIBRARY_PATH=$LD_LIBRARY_PATH:$HOME/cilk/lib
./simple_gauss
--------------------------------------------------------------------------------
TACC: Done.
18	29	24	9	34	7	31	34	18	6	
0	18	0	5.5	-12	4.5	20	18	7	27	
0	0	-29	25	-73	18	-5.1	2.2	-14	68	
0	0	0	14	27	20	22	-15	13	-11	
0	0	0	0	27	-11	-1.5	-6.9	30	-1.2	
0	0	0	0	0	2.7	32	-43	30	11	
0	0	0	0	0	0	-4.5e+02	5.9e+02	-4.6e+02	-2e+02	
0	0	0	0	0	0	0	72	-30	9.2	
0	0	0	0	7.1e-15	0	0	1.4e-14	48	15	
0	0	0	0	0	0	0	0	0	20	
TACC: Cleaning up after job: 457588
TACC: Done.
